<?xml version="1.0" encoding="UTF-8"?>
<testsuite xmlns:xsi="http://www.w3.org/2001/XMLSchema-instance" xsi:noNamespaceSchemaLocation="https://maven.apache.org/surefire/maven-surefire-plugin/xsd/surefire-test-report-3.0.xsd" version="3.0" name="com.sample.MainTest" time="0.618" tests="2" errors="0" skipped="0" failures="0">
  <properties>
    <property name="sun.desktop" value="windows"/>
    <property name="awt.toolkit" value="sun.awt.windows.WToolkit"/>
    <property name="java.specification.version" value="11"/>
    <property name="sun.cpu.isalist" value="amd64"/>
    <property name="sun.jnu.encoding" value="Cp1252"/>
    <property name="java.class.path" value="C:\Users\sanghamitra\eclipse-workspace\D3-Q1-1\target\test-classes;C:\Users\sanghamitra\eclipse-workspace\D3-Q1-1\target\classes;C:\Users\sanghamitra\.m2\repository\junit\junit\3.8.1\junit-3.8.1.jar;C:\Users\sanghamitra\.m2\repository\org\testng\testng\7.3.0\testng-7.3.0.jar;C:\Users\sanghamitra\.m2\repository\com\beust\jcommander\1.78\jcommander-1.78.jar;C:\Users\sanghamitra\.m2\repository\org\apache\ant\ant\1.10.3\ant-1.10.3.jar;C:\Users\sanghamitra\.m2\repository\org\apache\ant\ant-launcher\1.10.3\ant-launcher-1.10.3.jar;C:\Users\sanghamitra\.m2\repository\com\google\inject\guice\4.2.2\guice-4.2.2-no_aop.jar;C:\Users\sanghamitra\.m2\repository\javax\inject\javax.inject\1\javax.inject-1.jar;C:\Users\sanghamitra\.m2\repository\aopalliance\aopalliance\1.0\aopalliance-1.0.jar;C:\Users\sanghamitra\.m2\repository\com\google\guava\guava\25.1-android\guava-25.1-android.jar;C:\Users\sanghamitra\.m2\repository\com\google\code\findbugs\jsr305\3.0.2\jsr305-3.0.2.jar;C:\Users\sanghamitra\.m2\repository\org\checkerframework\checker-compat-qual\2.0.0\checker-compat-qual-2.0.0.jar;C:\Users\sanghamitra\.m2\repository\com\google\errorprone\error_prone_annotations\2.1.3\error_prone_annotations-2.1.3.jar;C:\Users\sanghamitra\.m2\repository\com\google\j2objc\j2objc-annotations\1.1\j2objc-annotations-1.1.jar;C:\Users\sanghamitra\.m2\repository\org\codehaus\mojo\animal-sniffer-annotations\1.14\animal-sniffer-annotations-1.14.jar;C:\Users\sanghamitra\.m2\repository\org\yaml\snakeyaml\1.21\snakeyaml-1.21.jar;"/>
    <property name="java.vm.vendor" value="Microsoft"/>
    <property name="sun.arch.data.model" value="64"/>
    <property name="user.variant" value=""/>
    <property name="java.vendor.url" value="https://www.microsoft.com"/>
    <property name="user.timezone" value="Etc/GMT"/>
    <property name="java.vm.specification.version" value="11"/>
    <property name="os.name" value="Windows Server 2019"/>
    <property name="sun.java.launcher" value="SUN_STANDARD"/>
    <property name="user.country" value="US"/>
    <property name="sun.boot.library.path" value="C:\Program Files\Microsoft\jdk-11.0.22.7-hotspot\bin"/>
    <property name="sun.java.command" value="C:\Users\sanghamitra\AppData\Local\Temp\2\surefire4986629677805655851\surefirebooter-20240311103046817_3.jar C:\Users\sanghamitra\AppData\Local\Temp\2\surefire4986629677805655851 2024-03-11T10-30-46_475-jvmRun1 surefire-20240311103046817_1tmp surefire_0-20240311103046817_2tmp"/>
    <property name="jdk.debug" value="release"/>
    <property name="surefire.test.class.path" value="C:\Users\sanghamitra\eclipse-workspace\D3-Q1-1\target\test-classes;C:\Users\sanghamitra\eclipse-workspace\D3-Q1-1\target\classes;C:\Users\sanghamitra\.m2\repository\junit\junit\3.8.1\junit-3.8.1.jar;C:\Users\sanghamitra\.m2\repository\org\testng\testng\7.3.0\testng-7.3.0.jar;C:\Users\sanghamitra\.m2\repository\com\beust\jcommander\1.78\jcommander-1.78.jar;C:\Users\sanghamitra\.m2\repository\org\apache\ant\ant\1.10.3\ant-1.10.3.jar;C:\Users\sanghamitra\.m2\repository\org\apache\ant\ant-launcher\1.10.3\ant-launcher-1.10.3.jar;C:\Users\sanghamitra\.m2\repository\com\google\inject\guice\4.2.2\guice-4.2.2-no_aop.jar;C:\Users\sanghamitra\.m2\repository\javax\inject\javax.inject\1\javax.inject-1.jar;C:\Users\sanghamitra\.m2\repository\aopalliance\aopalliance\1.0\aopalliance-1.0.jar;C:\Users\sanghamitra\.m2\repository\com\google\guava\guava\25.1-android\guava-25.1-android.jar;C:\Users\sanghamitra\.m2\repository\com\google\code\findbugs\jsr305\3.0.2\jsr305-3.0.2.jar;C:\Users\sanghamitra\.m2\repository\org\checkerframework\checker-compat-qual\2.0.0\checker-compat-qual-2.0.0.jar;C:\Users\sanghamitra\.m2\repository\com\google\errorprone\error_prone_annotations\2.1.3\error_prone_annotations-2.1.3.jar;C:\Users\sanghamitra\.m2\repository\com\google\j2objc\j2objc-annotations\1.1\j2objc-annotations-1.1.jar;C:\Users\sanghamitra\.m2\repository\org\codehaus\mojo\animal-sniffer-annotations\1.14\animal-sniffer-annotations-1.14.jar;C:\Users\sanghamitra\.m2\repository\org\yaml\snakeyaml\1.21\snakeyaml-1.21.jar;"/>
    <property name="sun.cpu.endian" value="little"/>
    <property name="user.home" value="C:\Users\sanghamitra"/>
    <property name="user.language" value="en"/>
    <property name="java.specification.vendor" value="Oracle Corporation"/>
    <property name="java.version.date" value="2024-01-16"/>
    <property name="java.home" value="C:\Program Files\Microsoft\jdk-11.0.22.7-hotspot"/>
    <property name="file.separator" value="\"/>
    <property name="basedir" value="C:\Users\sanghamitra\eclipse-workspace\D3-Q1-1"/>
    <property name="java.vm.compressedOopsMode" value="32-bit"/>
    <property name="line.separator" value="&#10;"/>
    <property name="java.specification.name" value="Java Platform API Specification"/>
    <property name="java.vm.specification.vendor" value="Oracle Corporation"/>
    <property name="java.awt.graphicsenv" value="sun.awt.Win32GraphicsEnvironment"/>
    <property name="surefire.real.class.path" value="C:\Users\sanghamitra\AppData\Local\Temp\2\surefire4986629677805655851\surefirebooter-20240311103046817_3.jar"/>
    <property name="user.script" value=""/>
    <property name="sun.management.compiler" value="HotSpot 64-Bit Tiered Compilers"/>
    <property name="java.runtime.version" value="11.0.22+7-LTS"/>
    <property name="user.name" value="sanghamitra"/>
    <property name="path.separator" value=";"/>
    <property name="os.version" value="10.0"/>
    <property name="java.runtime.name" value="OpenJDK Runtime Environment"/>
    <property name="file.encoding" value="Cp1252"/>
    <property name="java.vm.name" value="OpenJDK 64-Bit Server VM"/>
    <property name="java.vendor.version" value="Microsoft-8909545"/>
    <property name="localRepository" value="C:\Users\sanghamitra\.m2\repository"/>
    <property name="java.vendor.url.bug" value="https://github.com/microsoft/openjdk/issues"/>
    <property name="java.io.tmpdir" value="C:\Users\SANGHA~1\AppData\Local\Temp\2\"/>
    <property name="java.version" value="11.0.22"/>
    <property name="user.dir" value="C:\Users\sanghamitra\eclipse-workspace\D3-Q1-1"/>
    <property name="os.arch" value="amd64"/>
    <property name="java.vm.specification.name" value="Java Virtual Machine Specification"/>
    <property name="java.awt.printerjob" value="sun.awt.windows.WPrinterJob"/>
    <property name="sun.os.patch.level" value=""/>
    <property name="java.library.path" value="C:\Program Files\Microsoft\jdk-11.0.22.7-hotspot\bin;C:\Windows\Sun\Java\bin;C:\Windows\system32;C:\Windows;C:\Program Files\Microsoft\jdk-11.0.22.7-hotspot\bin;C:\Program Files\Microsoft\jdk-21.0.2.13-hotspot\bin;C:\Windows\system32;C:\Windows;C:\Windows\System32\Wbem;C:\Windows\System32\WindowsPowerShell\v1.0\;C:\Windows\System32\OpenSSH\;C:\Users\sanghamitra\drivers\;C:\Program Files\apache-maven-3.9.6\bin;C:\Program Files\Git\cmd;C:\Users\sanghamitra\AppData\Local\Microsoft\WindowsApps;;."/>
    <property name="java.vm.info" value="mixed mode, sharing"/>
    <property name="java.vendor" value="Microsoft"/>
    <property name="java.vm.version" value="11.0.22+7-LTS"/>
    <property name="java.specification.maintenance.version" value="2"/>
    <property name="sun.io.unicode.encoding" value="UnicodeLittle"/>
    <property name="java.class.version" value="55.0"/>
  </properties>
  <testcase name="f" classname="com.sample.MainTest" time="0.003">
    <system-out><![CDATA[@BeforeTest-Sanghamitra
@Test-Sanghamitra
]]></system-out>
  </testcase>
  <testcase name="f2" classname="com.sample.MainTest" time="0.029">
    <system-out><![CDATA[@Test2-Sanghamitra
]]></system-out>
  </testcase>
</testsuite>