<?xml version="1.0" encoding="UTF-8"?>
<!-- Generated by org.testng.reporters.JUnitReportReporter -->
<testsuite hostname="WindowsSlave" failures="0" tests="2" name="com.sample.MainTest" time="0.003" errors="0" timestamp="2024-03-11T10:30:48 GMT" skipped="0">
  <testcase classname="com.sample.MainTest" name="f" time="0.002"/>
  <system-out/>
  <testcase classname="com.sample.MainTest" name="f2" time="0.001"/>
  <system-out/>
</testsuite> <!-- com.sample.MainTest -->
